app/build/intermediates/manifest_merge_blame_file/debug/processDebugMainManifest/manifest-merger-blame-debug-report.txt
1<?xml version="1.0" encoding="utf-8"?>
2<manifest xmlns:android="http://schemas.android.com/apk/res/android"
3    package="com.trainwidget"
4    android:versionCode="1"
5    android:versionName="1.0" >
6
7    <uses-sdk
8        android:minSdkVersion="31"
9        android:targetSdkVersion="36" />
10
11    <uses-permission android:name="android.permission.INTERNET" />
11-->src/main/AndroidManifest.xml:4:5-67
11-->src/main/AndroidManifest.xml:4:22-64
12    <uses-permission android:name="android.permission.RECEIVE_BOOT_COMPLETED" />
12-->src/main/AndroidManifest.xml:5:5-81
12-->src/main/AndroidManifest.xml:5:22-78
13    <uses-permission android:name="android.permission.SCHEDULE_EXACT_ALARM" />
13-->src/main/AndroidManifest.xml:6:5-79
13-->src/main/AndroidManifest.xml:6:22-76
14    <uses-permission android:name="android.permission.USE_EXACT_ALARM" />
14-->src/main/AndroidManifest.xml:7:5-74
14-->src/main/AndroidManifest.xml:7:22-71
15    <uses-permission android:name="android.permission.FOREGROUND_SERVICE" />
15-->src/main/AndroidManifest.xml:8:5-77
15-->src/main/AndroidManifest.xml:8:22-74
16    <uses-permission android:name="android.permission.FOREGROUND_SERVICE_DATA_SYNC" />
16-->src/main/AndroidManifest.xml:9:5-87
16-->src/main/AndroidManifest.xml:9:22-84
17    <uses-permission android:name="android.permission.WAKE_LOCK" />
17-->src/main/AndroidManifest.xml:10:5-68
17-->src/main/AndroidManifest.xml:10:22-65
18    <uses-permission android:name="android.permission.POST_NOTIFICATIONS" />
18-->src/main/AndroidManifest.xml:11:5-77
18-->src/main/AndroidManifest.xml:11:22-74
19    <uses-permission android:name="android.permission.ACCESS_NETWORK_STATE" />
19-->[androidx.work:work-runtime:2.9.1] AndroidManifest.xml:24:5-79
19-->[androidx.work:work-runtime:2.9.1] AndroidManifest.xml:24:22-76
20
21    <permission
21-->[androidx.core:core:1.13.1] AndroidManifest.xml:22:5-24:47
22        android:name="com.trainwidget.DYNAMIC_RECEIVER_NOT_EXPORTED_PERMISSION"
22-->[androidx.core:core:1.13.1] AndroidManifest.xml:23:9-81
23        android:protectionLevel="signature" />
23-->[androidx.core:core:1.13.1] AndroidManifest.xml:24:9-44
24
25    <uses-permission android:name="com.trainwidget.DYNAMIC_RECEIVER_NOT_EXPORTED_PERMISSION" />
25-->[androidx.core:core:1.13.1] AndroidManifest.xml:26:5-97
25-->[androidx.core:core:1.13.1] AndroidManifest.xml:26:22-94
26
27    <application
27-->src/main/AndroidManifest.xml:13:5-64:19
28        android:allowBackup="true"
28-->src/main/AndroidManifest.xml:14:9-35
29        android:appComponentFactory="androidx.core.app.CoreComponentFactory"
29-->[androidx.core:core:1.13.1] AndroidManifest.xml:28:18-86
30        android:debuggable="true"
31        android:extractNativeLibs="false"
32        android:icon="@drawable/widget_background"
32-->src/main/AndroidManifest.xml:15:9-51
33        android:label="@string/app_name"
33-->src/main/AndroidManifest.xml:16:9-41
34        android:roundIcon="@drawable/widget_background"
34-->src/main/AndroidManifest.xml:17:9-56
35        android:supportsRtl="true"
35-->src/main/AndroidManifest.xml:18:9-35
36        android:testOnly="true"
37        android:theme="@style/Theme.TrainWidget" >
37-->src/main/AndroidManifest.xml:19:9-49
38
39        <!-- Widget Configuration Activity -->
40        <activity
40-->src/main/AndroidManifest.xml:22:9-33:20
41            android:name="com.trainwidget.config.ConfigActivity"
41-->src/main/AndroidManifest.xml:23:13-50
42            android:exported="true"
42-->src/main/AndroidManifest.xml:24:13-36
43            android:theme="@style/Theme.TrainWidget" >
43-->src/main/AndroidManifest.xml:25:13-53
44            <intent-filter>
44-->src/main/AndroidManifest.xml:26:13-29:29
45                <action android:name="android.intent.action.MAIN" />
45-->src/main/AndroidManifest.xml:27:17-69
45-->src/main/AndroidManifest.xml:27:25-66
46
47                <category android:name="android.intent.category.LAUNCHER" />
47-->src/main/AndroidManifest.xml:28:17-77
47-->src/main/AndroidManifest.xml:28:27-74
48            </intent-filter>
49            <intent-filter>
49-->src/main/AndroidManifest.xml:30:13-32:29
50                <action android:name="android.appwidget.action.APPWIDGET_CONFIGURE" />
50-->src/main/AndroidManifest.xml:31:17-87
50-->src/main/AndroidManifest.xml:31:25-84
51            </intent-filter>
52        </activity>
53
54        <!-- Widget Provider -->
55        <receiver
55-->src/main/AndroidManifest.xml:36:9-47:20
56            android:name="com.trainwidget.widget.TrainWidgetProvider"
56-->src/main/AndroidManifest.xml:37:13-55
57            android:exported="true" >
57-->src/main/AndroidManifest.xml:38:13-36
58            <intent-filter>
58-->src/main/AndroidManifest.xml:39:13-43:29
59                <action android:name="android.appwidget.action.APPWIDGET_UPDATE" />
59-->src/main/AndroidManifest.xml:40:17-84
59-->src/main/AndroidManifest.xml:40:25-81
60                <action android:name="android.intent.action.BOOT_COMPLETED" />
60-->src/main/AndroidManifest.xml:41:17-79
60-->src/main/AndroidManifest.xml:41:25-76
61                <action android:name="com.trainwidget.ACTION_REFRESH" />
61-->src/main/AndroidManifest.xml:42:17-73
61-->src/main/AndroidManifest.xml:42:25-70
62            </intent-filter>
63
64            <meta-data
64-->src/main/AndroidManifest.xml:44:13-46:58
65                android:name="android.appwidget.provider"
65-->src/main/AndroidManifest.xml:45:17-58
66                android:resource="@xml/appwidget_info" />
66-->src/main/AndroidManifest.xml:46:17-55
67        </receiver>
68
69        <!-- Update Service -->
70        <service
70-->src/main/AndroidManifest.xml:50:9-53:56
71            android:name="com.trainwidget.widget.WidgetUpdateService"
71-->src/main/AndroidManifest.xml:51:13-55
72            android:exported="false"
72-->src/main/AndroidManifest.xml:52:13-37
73            android:foregroundServiceType="dataSync" />
73-->src/main/AndroidManifest.xml:53:13-53
74
75        <!-- Alarm-based update receiver -->
76        <receiver
76-->src/main/AndroidManifest.xml:56:9-62:20
77            android:name="com.trainwidget.widget.AlarmReceiver"
77-->src/main/AndroidManifest.xml:57:13-49
78            android:exported="false" >
78-->src/main/AndroidManifest.xml:58:13-37
79            <intent-filter>
79-->src/main/AndroidManifest.xml:59:13-61:29
80                <action android:name="com.trainwidget.ACTION_ALARM_UPDATE" />
80-->src/main/AndroidManifest.xml:60:17-78
80-->src/main/AndroidManifest.xml:60:25-75
81            </intent-filter>
82        </receiver>
83
84        <provider
84-->[androidx.emoji2:emoji2:1.3.0] AndroidManifest.xml:24:9-32:20
85            android:name="androidx.startup.InitializationProvider"
85-->[androidx.emoji2:emoji2:1.3.0] AndroidManifest.xml:25:13-67
86            android:authorities="com.trainwidget.androidx-startup"
86-->[androidx.emoji2:emoji2:1.3.0] AndroidManifest.xml:26:13-68
87            android:exported="false" >
87-->[androidx.emoji2:emoji2:1.3.0] AndroidManifest.xml:27:13-37
88            <meta-data
88-->[androidx.emoji2:emoji2:1.3.0] AndroidManifest.xml:29:13-31:52
89                android:name="androidx.emoji2.text.EmojiCompatInitializer"
89-->[androidx.emoji2:emoji2:1.3.0] AndroidManifest.xml:30:17-75
90                android:value="androidx.startup" />
90-->[androidx.emoji2:emoji2:1.3.0] AndroidManifest.xml:31:17-49
91            <meta-data
91-->[androidx.work:work-runtime:2.9.1] AndroidManifest.xml:34:13-36:52
92                android:name="androidx.work.WorkManagerInitializer"
92-->[androidx.work:work-runtime:2.9.1] AndroidManifest.xml:35:17-68
93                android:value="androidx.startup" />
93-->[androidx.work:work-runtime:2.9.1] AndroidManifest.xml:36:17-49
94            <meta-data
94-->[androidx.lifecycle:lifecycle-process:2.6.2] AndroidManifest.xml:29:13-31:52
95                android:name="androidx.lifecycle.ProcessLifecycleInitializer"
95-->[androidx.lifecycle:lifecycle-process:2.6.2] AndroidManifest.xml:30:17-78
96                android:value="androidx.startup" />
96-->[androidx.lifecycle:lifecycle-process:2.6.2] AndroidManifest.xml:31:17-49
97            <meta-data
97-->[androidx.profileinstaller:profileinstaller:1.3.1] AndroidManifest.xml:29:13-31:52
98                android:name="androidx.profileinstaller.ProfileInstallerInitializer"
98-->[androidx.profileinstaller:profileinstaller:1.3.1] AndroidManifest.xml:30:17-85
99                android:value="androidx.startup" />
99-->[androidx.profileinstaller:profileinstaller:1.3.1] AndroidManifest.xml:31:17-49
100        </provider>
101
102        <service
102-->[androidx.work:work-runtime:2.9.1] AndroidManifest.xml:39:9-45:35
103            android:name="androidx.work.impl.background.systemalarm.SystemAlarmService"
103-->[androidx.work:work-runtime:2.9.1] AndroidManifest.xml:40:13-88
104            android:directBootAware="false"
104-->[androidx.work:work-runtime:2.9.1] AndroidManifest.xml:41:13-44
105            android:enabled="@bool/enable_system_alarm_service_default"
105-->[androidx.work:work-runtime:2.9.1] AndroidManifest.xml:42:13-72
106            android:exported="false" />
106-->[androidx.work:work-runtime:2.9.1] AndroidManifest.xml:43:13-37
107        <service
107-->[androidx.work:work-runtime:2.9.1] AndroidManifest.xml:46:9-52:35
108            android:name="androidx.work.impl.background.systemjob.SystemJobService"
108-->[androidx.work:work-runtime:2.9.1] AndroidManifest.xml:47:13-84
109            android:directBootAware="false"
109-->[androidx.work:work-runtime:2.9.1] AndroidManifest.xml:48:13-44
110            android:enabled="@bool/enable_system_job_service_default"
110-->[androidx.work:work-runtime:2.9.1] AndroidManifest.xml:49:13-70
111            android:exported="true"
111-->[androidx.work:work-runtime:2.9.1] AndroidManifest.xml:50:13-36
112            android:permission="android.permission.BIND_JOB_SERVICE" />
112-->[androidx.work:work-runtime:2.9.1] AndroidManifest.xml:51:13-69
113        <service
113-->[androidx.work:work-runtime:2.9.1] AndroidManifest.xml:53:9-59:35
114            android:name="androidx.work.impl.foreground.SystemForegroundService"
114-->[androidx.work:work-runtime:2.9.1] AndroidManifest.xml:54:13-81
115            android:directBootAware="false"
115-->[androidx.work:work-runtime:2.9.1] AndroidManifest.xml:55:13-44
116            android:enabled="@bool/enable_system_foreground_service_default"
116-->[androidx.work:work-runtime:2.9.1] AndroidManifest.xml:56:13-77
117            android:exported="false" />
117-->[androidx.work:work-runtime:2.9.1] AndroidManifest.xml:57:13-37
118
119        <receiver
119-->[androidx.work:work-runtime:2.9.1] AndroidManifest.xml:61:9-66:35
120            android:name="androidx.work.impl.utils.ForceStopRunnable$BroadcastReceiver"
120-->[androidx.work:work-runtime:2.9.1] AndroidManifest.xml:62:13-88
121            android:directBootAware="false"
121-->[androidx.work:work-runtime:2.9.1] AndroidManifest.xml:63:13-44
122            android:enabled="true"
122-->[androidx.work:work-runtime:2.9.1] AndroidManifest.xml:64:13-35
123            android:exported="false" />
123-->[androidx.work:work-runtime:2.9.1] AndroidManifest.xml:65:13-37
124        <receiver
124-->[androidx.work:work-runtime:2.9.1] AndroidManifest.xml:67:9-77:20
125            android:name="androidx.work.impl.background.systemalarm.ConstraintProxy$BatteryChargingProxy"
125-->[androidx.work:work-runtime:2.9.1] AndroidManifest.xml:68:13-106
126            android:directBootAware="false"
126-->[androidx.work:work-runtime:2.9.1] AndroidManifest.xml:69:13-44
127            android:enabled="false"
127-->[androidx.work:work-runtime:2.9.1] AndroidManifest.xml:70:13-36
128            android:exported="false" >
128-->[androidx.work:work-runtime:2.9.1] AndroidManifest.xml:71:13-37
129            <intent-filter>
129-->[androidx.work:work-runtime:2.9.1] AndroidManifest.xml:73:13-76:29
130                <action android:name="android.intent.action.ACTION_POWER_CONNECTED" />
130-->[androidx.work:work-runtime:2.9.1] AndroidManifest.xml:74:17-87
130-->[androidx.work:work-runtime:2.9.1] AndroidManifest.xml:74:25-84
131                <action android:name="android.intent.action.ACTION_POWER_DISCONNECTED" />
131-->[androidx.work:work-runtime:2.9.1] AndroidManifest.xml:75:17-90
131-->[androidx.work:work-runtime:2.9.1] AndroidManifest.xml:75:25-87
132            </intent-filter>
133        </receiver>
134        <receiver
134-->[androidx.work:work-runtime:2.9.1] AndroidManifest.xml:78:9-88:20
135            android:name="androidx.work.impl.background.systemalarm.ConstraintProxy$BatteryNotLowProxy"
135-->[androidx.work:work-runtime:2.9.1] AndroidManifest.xml:79:13-104
136            android:directBootAware="false"
136-->[androidx.work:work-runtime:2.9.1] AndroidManifest.xml:80:13-44
137            android:enabled="false"
137-->[androidx.work:work-runtime:2.9.1] AndroidManifest.xml:81:13-36
138            android:exported="false" >
138-->[androidx.work:work-runtime:2.9.1] AndroidManifest.xml:82:13-37
139            <intent-filter>
139-->[androidx.work:work-runtime:2.9.1] AndroidManifest.xml:84:13-87:29
140                <action android:name="android.intent.action.BATTERY_OKAY" />
140-->[androidx.work:work-runtime:2.9.1] AndroidManifest.xml:85:17-77
140-->[androidx.work:work-runtime:2.9.1] AndroidManifest.xml:85:25-74
141                <action android:name="android.intent.action.BATTERY_LOW" />
141-->[androidx.work:work-runtime:2.9.1] AndroidManifest.xml:86:17-76
141-->[androidx.work:work-runtime:2.9.1] AndroidManifest.xml:86:25-73
142            </intent-filter>
143        </receiver>
144        <receiver
144-->[androidx.work:work-runtime:2.9.1] AndroidManifest.xml:89:9-99:20
145            android:name="androidx.work.impl.background.systemalarm.ConstraintProxy$StorageNotLowProxy"
145-->[androidx.work:work-runtime:2.9.1] AndroidManifest.xml:90:13-104
146            android:directBootAware="false"
146-->[androidx.work:work-runtime:2.9.1] AndroidManifest.xml:91:13-44
147            android:enabled="false"
147-->[androidx.work:work-runtime:2.9.1] AndroidManifest.xml:92:13-36
148            android:exported="false" >
148-->[androidx.work:work-runtime:2.9.1] AndroidManifest.xml:93:13-37
149            <intent-filter>
149-->[androidx.work:work-runtime:2.9.1] AndroidManifest.xml:95:13-98:29
150                <action android:name="android.intent.action.DEVICE_STORAGE_LOW" />
150-->[androidx.work:work-runtime:2.9.1] AndroidManifest.xml:96:17-83
150-->[androidx.work:work-runtime:2.9.1] AndroidManifest.xml:96:25-80
151                <action android:name="android.intent.action.DEVICE_STORAGE_OK" />
151-->[androidx.work:work-runtime:2.9.1] AndroidManifest.xml:97:17-82
151-->[androidx.work:work-runtime:2.9.1] AndroidManifest.xml:97:25-79
152            </intent-filter>
153        </receiver>
154        <receiver
154-->[androidx.work:work-runtime:2.9.1] AndroidManifest.xml:100:9-109:20
155            android:name="androidx.work.impl.background.systemalarm.ConstraintProxy$NetworkStateProxy"
155-->[androidx.work:work-runtime:2.9.1] AndroidManifest.xml:101:13-103
156            android:directBootAware="false"
156-->[androidx.work:work-runtime:2.9.1] AndroidManifest.xml:102:13-44
157            android:enabled="false"
157-->[androidx.work:work-runtime:2.9.1] AndroidManifest.xml:103:13-36
158            android:exported="false" >
158-->[androidx.work:work-runtime:2.9.1] AndroidManifest.xml:104:13-37
159            <intent-filter>
159-->[androidx.work:work-runtime:2.9.1] AndroidManifest.xml:106:13-108:29
160                <action android:name="android.net.conn.CONNECTIVITY_CHANGE" />
160-->[androidx.work:work-runtime:2.9.1] AndroidManifest.xml:107:17-79
160-->[androidx.work:work-runtime:2.9.1] AndroidManifest.xml:107:25-76
161            </intent-filter>
162        </receiver>
163        <receiver
163-->[androidx.work:work-runtime:2.9.1] AndroidManifest.xml:110:9-121:20
164            android:name="androidx.work.impl.background.systemalarm.RescheduleReceiver"
164-->[androidx.work:work-runtime:2.9.1] AndroidManifest.xml:111:13-88
165            android:directBootAware="false"
165-->[androidx.work:work-runtime:2.9.1] AndroidManifest.xml:112:13-44
166            android:enabled="false"
166-->[androidx.work:work-runtime:2.9.1] AndroidManifest.xml:113:13-36
167            android:exported="false" >
167-->[androidx.work:work-runtime:2.9.1] AndroidManifest.xml:114:13-37
168            <intent-filter>
168-->[androidx.work:work-runtime:2.9.1] AndroidManifest.xml:116:13-120:29
169                <action android:name="android.intent.action.BOOT_COMPLETED" />
169-->src/main/AndroidManifest.xml:41:17-79
169-->src/main/AndroidManifest.xml:41:25-76
170                <action android:name="android.intent.action.TIME_SET" />
170-->[androidx.work:work-runtime:2.9.1] AndroidManifest.xml:118:17-73
170-->[androidx.work:work-runtime:2.9.1] AndroidManifest.xml:118:25-70
171                <action android:name="android.intent.action.TIMEZONE_CHANGED" />
171-->[androidx.work:work-runtime:2.9.1] AndroidManifest.xml:119:17-81
171-->[androidx.work:work-runtime:2.9.1] AndroidManifest.xml:119:25-78
172            </intent-filter>
173        </receiver>
174        <receiver
174-->[androidx.work:work-runtime:2.9.1] AndroidManifest.xml:122:9-131:20
175            android:name="androidx.work.impl.background.systemalarm.ConstraintProxyUpdateReceiver"
175-->[androidx.work:work-runtime:2.9.1] AndroidManifest.xml:123:13-99
176            android:directBootAware="false"
176-->[androidx.work:work-runtime:2.9.1] AndroidManifest.xml:124:13-44
177            android:enabled="@bool/enable_system_alarm_service_default"
177-->[androidx.work:work-runtime:2.9.1] AndroidManifest.xml:125:13-72
178            android:exported="false" >
178-->[androidx.work:work-runtime:2.9.1] AndroidManifest.xml:126:13-37
179            <intent-filter>
179-->[androidx.work:work-runtime:2.9.1] AndroidManifest.xml:128:13-130:29
180                <action android:name="androidx.work.impl.background.systemalarm.UpdateProxies" />
180-->[androidx.work:work-runtime:2.9.1] AndroidManifest.xml:129:17-98
180-->[androidx.work:work-runtime:2.9.1] AndroidManifest.xml:129:25-95
181            </intent-filter>
182        </receiver>
183        <receiver
183-->[androidx.work:work-runtime:2.9.1] AndroidManifest.xml:132:9-142:20
184            android:name="androidx.work.impl.diagnostics.DiagnosticsReceiver"
184-->[androidx.work:work-runtime:2.9.1] AndroidManifest.xml:133:13-78
185            android:directBootAware="false"
185-->[androidx.work:work-runtime:2.9.1] AndroidManifest.xml:134:13-44
186            android:enabled="true"
186-->[androidx.work:work-runtime:2.9.1] AndroidManifest.xml:135:13-35
187            android:exported="true"
187-->[androidx.work:work-runtime:2.9.1] AndroidManifest.xml:136:13-36
188            android:permission="android.permission.DUMP" >
188-->[androidx.work:work-runtime:2.9.1] AndroidManifest.xml:137:13-57
189            <intent-filter>
189-->[androidx.work:work-runtime:2.9.1] AndroidManifest.xml:139:13-141:29
190                <action android:name="androidx.work.diagnostics.REQUEST_DIAGNOSTICS" />
190-->[androidx.work:work-runtime:2.9.1] AndroidManifest.xml:140:17-88
190-->[androidx.work:work-runtime:2.9.1] AndroidManifest.xml:140:25-85
191            </intent-filter>
192        </receiver>
193
194        <uses-library
194-->[androidx.window:window:1.0.0] AndroidManifest.xml:25:9-27:40
195            android:name="androidx.window.extensions"
195-->[androidx.window:window:1.0.0] AndroidManifest.xml:26:13-54
196            android:required="false" />
196-->[androidx.window:window:1.0.0] AndroidManifest.xml:27:13-37
197        <uses-library
197-->[androidx.window:window:1.0.0] AndroidManifest.xml:28:9-30:40
198            android:name="androidx.window.sidecar"
198-->[androidx.window:window:1.0.0] AndroidManifest.xml:29:13-51
199            android:required="false" />
199-->[androidx.window:window:1.0.0] AndroidManifest.xml:30:13-37
200
201        <service
201-->[androidx.room:room-runtime:2.5.0] AndroidManifest.xml:24:9-28:63
202            android:name="androidx.room.MultiInstanceInvalidationService"
202-->[androidx.room:room-runtime:2.5.0] AndroidManifest.xml:25:13-74
203            android:directBootAware="true"
203-->[androidx.room:room-runtime:2.5.0] AndroidManifest.xml:26:13-43
204            android:exported="false" />
204-->[androidx.room:room-runtime:2.5.0] AndroidManifest.xml:27:13-37
205
206        <receiver
206-->[androidx.profileinstaller:profileinstaller:1.3.1] AndroidManifest.xml:34:9-52:20
207            android:name="androidx.profileinstaller.ProfileInstallReceiver"
207-->[androidx.profileinstaller:profileinstaller:1.3.1] AndroidManifest.xml:35:13-76
208            android:directBootAware="false"
208-->[androidx.profileinstaller:profileinstaller:1.3.1] AndroidManifest.xml:36:13-44
209            android:enabled="true"
209-->[androidx.profileinstaller:profileinstaller:1.3.1] AndroidManifest.xml:37:13-35
210            android:exported="true"
210-->[androidx.profileinstaller:profileinstaller:1.3.1] AndroidManifest.xml:38:13-36
211            android:permission="android.permission.DUMP" >
211-->[androidx.profileinstaller:profileinstaller:1.3.1] AndroidManifest.xml:39:13-57
212            <intent-filter>
212-->[androidx.profileinstaller:profileinstaller:1.3.1] AndroidManifest.xml:40:13-42:29
213                <action android:name="androidx.profileinstaller.action.INSTALL_PROFILE" />
213-->[androidx.profileinstaller:profileinstaller:1.3.1] AndroidManifest.xml:41:17-91
213-->[androidx.profileinstaller:profileinstaller:1.3.1] AndroidManifest.xml:41:25-88
214            </intent-filter>
215            <intent-filter>
215-->[androidx.profileinstaller:profileinstaller:1.3.1] AndroidManifest.xml:43:13-45:29
216                <action android:name="androidx.profileinstaller.action.SKIP_FILE" />
216-->[androidx.profileinstaller:profileinstaller:1.3.1] AndroidManifest.xml:44:17-85
216-->[androidx.profileinstaller:profileinstaller:1.3.1] AndroidManifest.xml:44:25-82
217            </intent-filter>
218            <intent-filter>
218-->[androidx.profileinstaller:profileinstaller:1.3.1] AndroidManifest.xml:46:13-48:29
219                <action android:name="androidx.profileinstaller.action.SAVE_PROFILE" />
219-->[androidx.profileinstaller:profileinstaller:1.3.1] AndroidManifest.xml:47:17-88
219-->[androidx.profileinstaller:profileinstaller:1.3.1] AndroidManifest.xml:47:25-85
220            </intent-filter>
221            <intent-filter>
221-->[androidx.profileinstaller:profileinstaller:1.3.1] AndroidManifest.xml:49:13-51:29
222                <action android:name="androidx.profileinstaller.action.BENCHMARK_OPERATION" />
222-->[androidx.profileinstaller:profileinstaller:1.3.1] AndroidManifest.xml:50:17-95
222-->[androidx.profileinstaller:profileinstaller:1.3.1] AndroidManifest.xml:50:25-92
223            </intent-filter>
224        </receiver>
225    </application>
226
227</manifest>